13fca266-fbe2-4ccb-b294-e2f6310e1f9e bpinsard@narval2.narval.calcul.quebec:/lustre03/project/6003287/datasets/cneuromod_processed/fmriprep/hcptrt/sourcedata/smriprep timestamp=1643134946.884308819s
144d253e-4e21-4b7e-ba6c-c9fd0fc0bf64 bpinsard@bc11910.int.ets1.calculquebec.ca:/localscratch/bpinsard.32335141.0/smriprep_sub03.job timestamp=1666014099.155814939s
166b6ad3-1c3b-4319-bd8a-6566457863a6 basile@criugm0277:~/data/projects/qc/cneuromod.anat.smriprep timestamp=1644422399.140894425s
16721ab6-2cd3-4720-9b0f-b995baa75478 basile@criugm0277:~/data/tests/cneuromod.procesed_conp_deploy/fmriprep/harrypotter/sourcedata/smriprep timestamp=1689993613.25988535s
1e4d9302-debb-4827-8887-897f6e72b59e basile@criugm0277:~/data/tests/cneuromod.procesed_conp_deploy/smriprep timestamp=1689993286.909585148s
230abbbc-4b7e-4f02-9d57-a9d5a23d0d10 bpinsard@beluga1.int.ets1.calculquebec.ca:/lustre03/project/6003287/datasets/cneuromod_processed/smriprep timestamp=1621519558.33821s
23d9f187-3265-47e6-af20-87630e10ae18 basile@criugm0277:~/data/tests/anat.smriprep timestamp=1669737441.999985277s
25445a9a-d761-42de-911c-40ed1fc61fb9 ria-sequoia-storage timestamp=1666293371.120292884s
32979310-d1f7-4d59-b3b9-fe0e9abd137a bpinsard@narval2.narval.calcul.quebec:/lustre07/scratch/bpinsard/hcptrt.fmriprep/sourcedata/smriprep timestamp=1648752809.272884805s
4109c906-3909-47b4-8917-dd7bde68d208 bpinsard@elm.criugm.qc.ca:/scratch/basile/cneuromod.processed/fmriprep/harrypotter/sourcedata/smriprep timestamp=1689945245.254081748s
47178ba8-d392-45f9-b3ea-2356b23b4240 bpinsard@beluga6.int.ets1.calculquebec.ca:/lustre04/scratch/bpinsard/cneuromod.processed/smriprep timestamp=1639773200.267020774s
49d4b729-1c64-4934-8e09-4c33c5700c9a conp-ria-storage timestamp=1688565900.604160491s
5a1ed4c0-0a6b-4f5a-bdbf-dde9c6b3c4e1 bpinsard@narval2.narval.calcul.quebec:/lustre03/project/6003287/datasets/cneuromod_processed/fmriprep/gamepad/sourcedata/smriprep timestamp=1644960308.903055646s
610b87d5-e13f-4604-a06f-6ff5dc727ee4 bpinsard@bc21109.int.ets1.calculquebec.ca:/localscratch/bpinsard.32335140.0/smriprep_sub02.job timestamp=1666014076.640245641s
653c03df-9912-4207-bf2f-30b280d4fade basile@criugm0277:~/data/tests/cneuromod.processed/smriprep timestamp=1655740738.721317208s
65405a91-311f-4ec8-95c5-dd3dc32d1ca5 bpinsard@elm.criugm.qc.ca:/data/neuromod/DATA/cneuromod.processed/smriprep timestamp=1647009431.5936782s
78ad689e-2cb8-46e0-9aba-c708a2926222 ria-narval-storage timestamp=1639078693.079840185s
7b8ecf6a-c905-43f5-9eac-1b64f5b87896 bpinsard@bc12236.int.ets1.calculquebec.ca:/localscratch/bpinsard.32335145.0/smriprep_sub05.job timestamp=1666014118.73949263s
7ba6dc19-0519-4167-9fc4-dc48c1afdc33 bpinsard@bc11956.int.ets1.calculquebec.ca:/localscratch/bpinsard.32335143.0/smriprep_sub04.job timestamp=1666014022.829497924s
7f6b1ea6-22a9-4ce7-b324-e46b663ee94c ria-sequoia-storage timestamp=1670507321.075207922s
8dced0dc-f30f-4bc8-aab7-c6f29147f89b basile@criugm0277:~/data/tests/movie10.fmriprep/sourcedata/smriprep timestamp=1658245581.271708646s
92714573-5bcb-4588-918f-165415aa207f bpinsard@bc12034.int.ets1.calculquebec.ca:/localscratch/bpinsard.32324814.0/smriprep_sub01.job timestamp=1665945976.709282s
a0c1103d-9f7f-40b6-95c1-b07d9ff45653 basile@criugm0277:~/data/tests/cneuromod.procesed_conp_deploy/smriprep timestamp=1689993386.839234881s
b348b5a9-cf88-48da-95d4-d5abe43e61ec ria-narval-storage timestamp=1640966264.865015716s
b6637e42-11b9-4198-9ace-9a1432915c75 ria-beluga-storage timestamp=1634609293.187546847s
c87cbd7a-a912-44e8-a887-21be64760201 bpinsard@bc12236.int.ets1.calculquebec.ca:/localscratch/bpinsard.32335147.0/smriprep_sub06.job timestamp=1666014135.68808455s
cc90be62-1422-4ab2-a2fe-53f947789ac2 s3unf.cneuromod.anat.smriprep timestamp=1624453296.316188s
cdb07cc7-c23f-492d-b1a4-f39bb7443a71 bpinsard@bc11912.int.ets1.calculquebec.ca:/localscratch/bpinsard.32315391.0/smriprep_sub01.job timestamp=1665887620.508295863s
e1113f3c-329c-44dc-a61c-52ecb6cfc2e6 basile@criugm0277:~/data/tests/cneuromod.procesed_conp_deploy/fmriprep/shinobi/sourcedata/smriprep timestamp=1690050276.412349842s
ebff78ad-fb22-405a-849b-5f8a4fb63e73 bpinsard@beluga1.int.ets1.calculquebec.ca:/lustre03/project/6003287/datasets/cneuromod_processed/fmriprep/harrypotter/sourcedata/smriprep timestamp=1621648694.764603s
f0530ad5-4e6a-4edd-9f3f-ace96da72ece basile@criugm0277:~/data/tests/cneuromod.procesed_conp_deploy/smriprep timestamp=1689993097.019193896s
fbaf37da-e92f-491d-bc32-22938e632230 basile@criugm0277:~/data/tests/anat.smriprep timestamp=1669737532.394397158s
